1652696939079|10|statement|connection 33|url jdbc:h2:mem:61b30222-a72e-4935-9308-5fee6d229a69|     drop table if exists diary CASCADE |     drop table if exists diary CASCADE 
1652696939088|6|statement|connection 33|url jdbc:h2:mem:61b30222-a72e-4935-9308-5fee6d229a69|     drop table if exists diary_image CASCADE |     drop table if exists diary_image CASCADE 
1652696939090|0|statement|connection 33|url jdbc:h2:mem:61b30222-a72e-4935-9308-5fee6d229a69|     drop table if exists koons_comment CASCADE |     drop table if exists koons_comment CASCADE 
1652696939091|0|statement|connection 33|url jdbc:h2:mem:61b30222-a72e-4935-9308-5fee6d229a69|     drop table if exists question CASCADE |     drop table if exists question CASCADE 
1652696939091|0|statement|connection 33|url jdbc:h2:mem:61b30222-a72e-4935-9308-5fee6d229a69|     drop table if exists question_answer CASCADE |     drop table if exists question_answer CASCADE 
1652696939098|6|statement|connection 33|url jdbc:h2:mem:61b30222-a72e-4935-9308-5fee6d229a69|     drop table if exists refresh_token CASCADE |     drop table if exists refresh_token CASCADE 
1652696939101|2|statement|connection 33|url jdbc:h2:mem:61b30222-a72e-4935-9308-5fee6d229a69|     drop table if exists share_group CASCADE |     drop table if exists share_group CASCADE 
1652696939101|0|statement|connection 33|url jdbc:h2:mem:61b30222-a72e-4935-9308-5fee6d229a69|     drop table if exists share_group_diary CASCADE |     drop table if exists share_group_diary CASCADE 
1652696939105|3|statement|connection 33|url jdbc:h2:mem:61b30222-a72e-4935-9308-5fee6d229a69|     drop table if exists share_group_diary_comment CASCADE |     drop table if exists share_group_diary_comment CASCADE 
1652696939106|0|statement|connection 33|url jdbc:h2:mem:61b30222-a72e-4935-9308-5fee6d229a69|     drop table if exists share_group_diary_image CASCADE |     drop table if exists share_group_diary_image CASCADE 
1652696939107|0|statement|connection 33|url jdbc:h2:mem:61b30222-a72e-4935-9308-5fee6d229a69|     drop table if exists share_group_invite CASCADE |     drop table if exists share_group_invite CASCADE 
1652696939108|0|statement|connection 33|url jdbc:h2:mem:61b30222-a72e-4935-9308-5fee6d229a69|     drop table if exists share_group_member CASCADE |     drop table if exists share_group_member CASCADE 
1652696939109|1|statement|connection 33|url jdbc:h2:mem:61b30222-a72e-4935-9308-5fee6d229a69|     drop table if exists user CASCADE |     drop table if exists user CASCADE 
1652696939110|0|statement|connection 33|url jdbc:h2:mem:61b30222-a72e-4935-9308-5fee6d229a69|     drop sequence if exists hibernate_sequence|     drop sequence if exists hibernate_sequence
1652696939142|1|statement|connection 34|url jdbc:h2:mem:test|     drop table if exists diary CASCADE |     drop table if exists diary CASCADE 
1652696939144|0|statement|connection 34|url jdbc:h2:mem:test|     drop table if exists diary_image CASCADE |     drop table if exists diary_image CASCADE 
1652696939144|0|statement|connection 34|url jdbc:h2:mem:test|     drop table if exists koons_comment CASCADE |     drop table if exists koons_comment CASCADE 
1652696939144|0|statement|connection 34|url jdbc:h2:mem:test|     drop table if exists question CASCADE |     drop table if exists question CASCADE 
1652696939145|0|statement|connection 34|url jdbc:h2:mem:test|     drop table if exists question_answer CASCADE |     drop table if exists question_answer CASCADE 
1652696939145|0|statement|connection 34|url jdbc:h2:mem:test|     drop table if exists refresh_token CASCADE |     drop table if exists refresh_token CASCADE 
1652696939145|0|statement|connection 34|url jdbc:h2:mem:test|     drop table if exists share_group CASCADE |     drop table if exists share_group CASCADE 
1652696939145|0|statement|connection 34|url jdbc:h2:mem:test|     drop table if exists share_group_diary CASCADE |     drop table if exists share_group_diary CASCADE 
1652696939145|0|statement|connection 34|url jdbc:h2:mem:test|     drop table if exists share_group_diary_comment CASCADE |     drop table if exists share_group_diary_comment CASCADE 
1652696939145|0|statement|connection 34|url jdbc:h2:mem:test|     drop table if exists share_group_diary_image CASCADE |     drop table if exists share_group_diary_image CASCADE 
1652696939145|0|statement|connection 34|url jdbc:h2:mem:test|     drop table if exists share_group_invite CASCADE |     drop table if exists share_group_invite CASCADE 
1652696939145|0|statement|connection 34|url jdbc:h2:mem:test|     drop table if exists share_group_member CASCADE |     drop table if exists share_group_member CASCADE 
1652696939145|0|statement|connection 34|url jdbc:h2:mem:test|     drop table if exists user CASCADE |     drop table if exists user CASCADE 
1652696939145|0|statement|connection 34|url jdbc:h2:mem:test|     drop sequence if exists hibernate_sequence|     drop sequence if exists hibernate_sequence
1652697135551|14|statement|connection 34|url jdbc:h2:mem:f92ff851-98a7-481f-94a1-9375ece22807|     drop table if exists diary CASCADE |     drop table if exists diary CASCADE 
1652697135562|5|statement|connection 34|url jdbc:h2:mem:f92ff851-98a7-481f-94a1-9375ece22807|     drop table if exists diary_image CASCADE |     drop table if exists diary_image CASCADE 
1652697135564|1|statement|connection 34|url jdbc:h2:mem:f92ff851-98a7-481f-94a1-9375ece22807|     drop table if exists koons_comment CASCADE |     drop table if exists koons_comment CASCADE 
1652697135565|1|statement|connection 34|url jdbc:h2:mem:f92ff851-98a7-481f-94a1-9375ece22807|     drop table if exists question CASCADE |     drop table if exists question CASCADE 
1652697135567|1|statement|connection 34|url jdbc:h2:mem:f92ff851-98a7-481f-94a1-9375ece22807|     drop table if exists question_answer CASCADE |     drop table if exists question_answer CASCADE 
1652697135567|0|statement|connection 34|url jdbc:h2:mem:f92ff851-98a7-481f-94a1-9375ece22807|     drop table if exists refresh_token CASCADE |     drop table if exists refresh_token CASCADE 
1652697135569|1|statement|connection 34|url jdbc:h2:mem:f92ff851-98a7-481f-94a1-9375ece22807|     drop table if exists share_group CASCADE |     drop table if exists share_group CASCADE 
1652697135570|0|statement|connection 34|url jdbc:h2:mem:f92ff851-98a7-481f-94a1-9375ece22807|     drop table if exists share_group_diary CASCADE |     drop table if exists share_group_diary CASCADE 
1652697135571|0|statement|connection 34|url jdbc:h2:mem:f92ff851-98a7-481f-94a1-9375ece22807|     drop table if exists share_group_diary_comment CASCADE |     drop table if exists share_group_diary_comment CASCADE 
1652697135571|0|statement|connection 34|url jdbc:h2:mem:f92ff851-98a7-481f-94a1-9375ece22807|     drop table if exists share_group_diary_image CASCADE |     drop table if exists share_group_diary_image CASCADE 
1652697135572|0|statement|connection 34|url jdbc:h2:mem:f92ff851-98a7-481f-94a1-9375ece22807|     drop table if exists share_group_invite CASCADE |     drop table if exists share_group_invite CASCADE 
1652697135573|0|statement|connection 34|url jdbc:h2:mem:f92ff851-98a7-481f-94a1-9375ece22807|     drop table if exists share_group_member CASCADE |     drop table if exists share_group_member CASCADE 
1652697135575|1|statement|connection 34|url jdbc:h2:mem:f92ff851-98a7-481f-94a1-9375ece22807|     drop table if exists user CASCADE |     drop table if exists user CASCADE 
1652697135578|2|statement|connection 34|url jdbc:h2:mem:f92ff851-98a7-481f-94a1-9375ece22807|     drop sequence if exists hibernate_sequence|     drop sequence if exists hibernate_sequence
